d:\myprojects\c\programs\cubegame\cubegame\debug\vc142.pdb
d:\myprojects\c\programs\cubegame\cubegame\debug\vc142.idb
d:\myprojects\c\programs\cubegame\cubegame\debug\projection.obj
d:\myprojects\c\programs\cubegame\cubegame\debug\main.obj
d:\myprojects\c\programs\cubegame\cubegame\debug\player.obj
d:\myprojects\c\programs\cubegame\cubegame\debug\camera.obj
d:\myprojects\c\programs\cubegame\cubegame\debug\world.obj
d:\myprojects\c\programs\cubegame\cubegame\debug\draw.obj
d:\myprojects\c\programs\cubegame\cubegame\debug\textures.obj
d:\myprojects\c\programs\cubegame\debug\cubegame.pdb
d:\myprojects\c\programs\cubegame\cubegame\debug\cubegame.tlog\cl.command.1.tlog
d:\myprojects\c\programs\cubegame\cubegame\debug\cubegame.tlog\cl.read.1.tlog
d:\myprojects\c\programs\cubegame\cubegame\debug\cubegame.tlog\cl.write.1.tlog
d:\myprojects\c\programs\cubegame\cubegame\debug\cubegame.tlog\link-cvtres.read.1.tlog
d:\myprojects\c\programs\cubegame\cubegame\debug\cubegame.tlog\link-cvtres.write.1.tlog
d:\myprojects\c\programs\cubegame\cubegame\debug\cubegame.tlog\link-rc.read.1.tlog
d:\myprojects\c\programs\cubegame\cubegame\debug\cubegame.tlog\link-rc.write.1.tlog
d:\myprojects\c\programs\cubegame\cubegame\debug\cubegame.tlog\link.3496-cvtres.read.1.tlog
d:\myprojects\c\programs\cubegame\cubegame\debug\cubegame.tlog\link.3496-cvtres.write.1.tlog
d:\myprojects\c\programs\cubegame\cubegame\debug\cubegame.tlog\link.3496-rc.read.1.tlog
d:\myprojects\c\programs\cubegame\cubegame\debug\cubegame.tlog\link.3496-rc.write.1.tlog
d:\myprojects\c\programs\cubegame\cubegame\debug\cubegame.tlog\link.3496.read.1.tlog
d:\myprojects\c\programs\cubegame\cubegame\debug\cubegame.tlog\link.3496.write.1.tlog
d:\myprojects\c\programs\cubegame\cubegame\debug\cubegame.tlog\link.command.1.tlog
d:\myprojects\c\programs\cubegame\cubegame\debug\cubegame.tlog\link.read.1.tlog
d:\myprojects\c\programs\cubegame\cubegame\debug\cubegame.tlog\link.write.1.tlog
